{"numFailedTestSuites":1,"numFailedTests":0,"numPassedTestSuites":0,"numPassedTests":0,"numPendingTestSuites":0,"numPendingTests":0,"numRuntimeErrorTestSuites":1,"numTodoTests":0,"numTotalTestSuites":1,"numTotalTests":0,"openHandles":[],"snapshot":{"added":0,"didUpdate":false,"failure":false,"filesAdded":0,"filesRemoved":0,"filesRemovedList":[],"filesUnmatched":0,"filesUpdated":0,"matched":0,"total":0,"unchecked":0,"uncheckedKeysByFile":[],"unmatched":0,"updated":0},"startTime":1773574653069,"success":false,"testResults":[{"assertionResults":[],"coverage":{},"endTime":1773574653581,"message":"  \u001b[1m● \u001b[22mTest suite failed to run\n\n    Cannot find module 'supertest' from 'tests/api.test.js'\n\n    \u001b[0m\u001b[31m\u001b[1m>\u001b[22m\u001b[39m\u001b[90m 1 |\u001b[39m \u001b[36mconst\u001b[39m request \u001b[33m=\u001b[39m require(\u001b[32m'supertest'\u001b[39m)\u001b[33m;\u001b[39m\n     \u001b[90m   |\u001b[39m                 \u001b[31m\u001b[1m^\u001b[22m\u001b[39m\n     \u001b[90m 2 |\u001b[39m \u001b[36mconst\u001b[39m mongoose \u001b[33m=\u001b[39m require(\u001b[32m'mongoose'\u001b[39m)\u001b[33m;\u001b[39m\n     \u001b[90m 3 |\u001b[39m \u001b[36mconst\u001b[39m { \u001b[33mMongoMemoryServer\u001b[39m } \u001b[33m=\u001b[39m require(\u001b[32m'mongodb-memory-server'\u001b[39m)\u001b[33m;\u001b[39m\n     \u001b[90m 4 |\u001b[39m \u001b[36mconst\u001b[39m app \u001b[33m=\u001b[39m require(\u001b[32m'../server'\u001b[39m)\u001b[33m;\u001b[39m\u001b[0m\n\n      \u001b[2mat Resolver._throwModNotFoundError (\u001b[22m../../../../../../AppData/Local/npm-cache/_npx/b8d86e6551a4f492/node_modules/jest-resolve/build/index.js\u001b[2m:863:11)\u001b[22m\n      \u001b[2mat Object.require (\u001b[22m\u001b[0m\u001b[36mtests/api.test.js\u001b[39m\u001b[0m\u001b[2m:1:17)\u001b[22m\n","name":"C:\\Users\\AURES\\Desktop\\test\\DAOs\\governor-starter\\Design-and-Implement-a-DAO-Governance-Smart-Contract-System-with-Off-Chain-Voting-Integration\\backend\\tests\\api.test.js","startTime":1773574653581,"status":"failed","summary":""}],"wasInterrupted":false}
